0 info it worked if it ends with ok
1 verbose cli [ '/usr/local/bin/node', '/usr/local/bin/npm', 'publish' ]
2 info using npm@1.4.3
3 info using node@v0.10.26
4 verbose publish [ '.' ]
5 verbose cache add [ '.', null ]
6 verbose cache add name=undefined spec="." args=[".",null]
7 verbose parsed url { protocol: null,
7 verbose parsed url   slashes: null,
7 verbose parsed url   auth: null,
7 verbose parsed url   host: null,
7 verbose parsed url   port: null,
7 verbose parsed url   hostname: null,
7 verbose parsed url   hash: null,
7 verbose parsed url   search: null,
7 verbose parsed url   query: null,
7 verbose parsed url   pathname: '.',
7 verbose parsed url   path: '.',
7 verbose parsed url   href: '.' }
8 silly lockFile 3a52ce78- .
9 verbose lock . /Users/david/.npm/3a52ce78-.lock
10 verbose tar pack [ '/var/folders/40/hp4zmr0s20db316q78y0nr0w0000gn/T/npm-21007-v7Xceot-/1418162951696-0.2525315342936665/tmp.tgz',
10 verbose tar pack   '.' ]
11 verbose tarball /var/folders/40/hp4zmr0s20db316q78y0nr0w0000gn/T/npm-21007-v7Xceot-/1418162951696-0.2525315342936665/tmp.tgz
12 verbose folder .
13 info prepublish ainojs-events@1.0.7
14 silly lockFile 1f1177db-tar tar://.
15 verbose lock tar://. /Users/david/.npm/1f1177db-tar.lock
16 silly lockFile 6504076b-51696-0-2525315342936665-tmp-tgz tar:///var/folders/40/hp4zmr0s20db316q78y0nr0w0000gn/T/npm-21007-v7Xceot-/1418162951696-0.2525315342936665/tmp.tgz
17 verbose lock tar:///var/folders/40/hp4zmr0s20db316q78y0nr0w0000gn/T/npm-21007-v7Xceot-/1418162951696-0.2525315342936665/tmp.tgz /Users/david/.npm/6504076b-51696-0-2525315342936665-tmp-tgz.lock
18 silly lockFile 1f1177db-tar tar://.
19 silly lockFile 1f1177db-tar tar://.
20 silly lockFile 6504076b-51696-0-2525315342936665-tmp-tgz tar:///var/folders/40/hp4zmr0s20db316q78y0nr0w0000gn/T/npm-21007-v7Xceot-/1418162951696-0.2525315342936665/tmp.tgz
21 silly lockFile 6504076b-51696-0-2525315342936665-tmp-tgz tar:///var/folders/40/hp4zmr0s20db316q78y0nr0w0000gn/T/npm-21007-v7Xceot-/1418162951696-0.2525315342936665/tmp.tgz
22 verbose tar unpack /var/folders/40/hp4zmr0s20db316q78y0nr0w0000gn/T/npm-21007-v7Xceot-/1418162951696-0.2525315342936665/tmp.tgz
23 silly lockFile d3886f4a-51696-0-2525315342936665-package tar:///var/folders/40/hp4zmr0s20db316q78y0nr0w0000gn/T/npm-21007-v7Xceot-/1418162951696-0.2525315342936665/package
24 verbose lock tar:///var/folders/40/hp4zmr0s20db316q78y0nr0w0000gn/T/npm-21007-v7Xceot-/1418162951696-0.2525315342936665/package /Users/david/.npm/d3886f4a-51696-0-2525315342936665-package.lock
25 silly lockFile 6504076b-51696-0-2525315342936665-tmp-tgz tar:///var/folders/40/hp4zmr0s20db316q78y0nr0w0000gn/T/npm-21007-v7Xceot-/1418162951696-0.2525315342936665/tmp.tgz
26 verbose lock tar:///var/folders/40/hp4zmr0s20db316q78y0nr0w0000gn/T/npm-21007-v7Xceot-/1418162951696-0.2525315342936665/tmp.tgz /Users/david/.npm/6504076b-51696-0-2525315342936665-tmp-tgz.lock
27 silly gunzTarPerm modes [ '755', '644' ]
28 silly gunzTarPerm extractEntry package.json
29 silly gunzTarPerm extractEntry .npmignore
30 silly gunzTarPerm extractEntry README.md
31 silly gunzTarPerm extractEntry index.js
32 silly gunzTarPerm extractEntry dist/events.min.js
33 silly lockFile d3886f4a-51696-0-2525315342936665-package tar:///var/folders/40/hp4zmr0s20db316q78y0nr0w0000gn/T/npm-21007-v7Xceot-/1418162951696-0.2525315342936665/package
34 silly lockFile d3886f4a-51696-0-2525315342936665-package tar:///var/folders/40/hp4zmr0s20db316q78y0nr0w0000gn/T/npm-21007-v7Xceot-/1418162951696-0.2525315342936665/package
35 silly lockFile 6504076b-51696-0-2525315342936665-tmp-tgz tar:///var/folders/40/hp4zmr0s20db316q78y0nr0w0000gn/T/npm-21007-v7Xceot-/1418162951696-0.2525315342936665/tmp.tgz
36 silly lockFile 6504076b-51696-0-2525315342936665-tmp-tgz tar:///var/folders/40/hp4zmr0s20db316q78y0nr0w0000gn/T/npm-21007-v7Xceot-/1418162951696-0.2525315342936665/tmp.tgz
37 verbose tar pack [ '/Users/david/.npm/ainojs-events/1.0.7/package.tgz',
37 verbose tar pack   '/var/folders/40/hp4zmr0s20db316q78y0nr0w0000gn/T/npm-21007-v7Xceot-/1418162951696-0.2525315342936665/package' ]
38 verbose tarball /Users/david/.npm/ainojs-events/1.0.7/package.tgz
39 verbose folder /var/folders/40/hp4zmr0s20db316q78y0nr0w0000gn/T/npm-21007-v7Xceot-/1418162951696-0.2525315342936665/package
40 silly lockFile d3886f4a-51696-0-2525315342936665-package tar:///var/folders/40/hp4zmr0s20db316q78y0nr0w0000gn/T/npm-21007-v7Xceot-/1418162951696-0.2525315342936665/package
41 verbose lock tar:///var/folders/40/hp4zmr0s20db316q78y0nr0w0000gn/T/npm-21007-v7Xceot-/1418162951696-0.2525315342936665/package /Users/david/.npm/d3886f4a-51696-0-2525315342936665-package.lock
42 silly lockFile d62cd24e--ainojs-events-1-0-7-package-tgz tar:///Users/david/.npm/ainojs-events/1.0.7/package.tgz
43 verbose lock tar:///Users/david/.npm/ainojs-events/1.0.7/package.tgz /Users/david/.npm/d62cd24e--ainojs-events-1-0-7-package-tgz.lock
44 silly lockFile d3886f4a-51696-0-2525315342936665-package tar:///var/folders/40/hp4zmr0s20db316q78y0nr0w0000gn/T/npm-21007-v7Xceot-/1418162951696-0.2525315342936665/package
45 silly lockFile d3886f4a-51696-0-2525315342936665-package tar:///var/folders/40/hp4zmr0s20db316q78y0nr0w0000gn/T/npm-21007-v7Xceot-/1418162951696-0.2525315342936665/package
46 silly lockFile d62cd24e--ainojs-events-1-0-7-package-tgz tar:///Users/david/.npm/ainojs-events/1.0.7/package.tgz
47 silly lockFile d62cd24e--ainojs-events-1-0-7-package-tgz tar:///Users/david/.npm/ainojs-events/1.0.7/package.tgz
48 silly lockFile 391d49cb--npm-ainojs-events-1-0-7-package /Users/david/.npm/ainojs-events/1.0.7/package
49 verbose lock /Users/david/.npm/ainojs-events/1.0.7/package /Users/david/.npm/391d49cb--npm-ainojs-events-1-0-7-package.lock
50 silly lockFile 391d49cb--npm-ainojs-events-1-0-7-package /Users/david/.npm/ainojs-events/1.0.7/package
51 silly lockFile 391d49cb--npm-ainojs-events-1-0-7-package /Users/david/.npm/ainojs-events/1.0.7/package
52 verbose tar unpack /Users/david/.npm/ainojs-events/1.0.7/package.tgz
53 silly lockFile 6d113d63--npm-ainojs-events-1-0-7-package tar:///Users/david/.npm/ainojs-events/1.0.7/package
54 verbose lock tar:///Users/david/.npm/ainojs-events/1.0.7/package /Users/david/.npm/6d113d63--npm-ainojs-events-1-0-7-package.lock
55 silly lockFile d62cd24e--ainojs-events-1-0-7-package-tgz tar:///Users/david/.npm/ainojs-events/1.0.7/package.tgz
56 verbose lock tar:///Users/david/.npm/ainojs-events/1.0.7/package.tgz /Users/david/.npm/d62cd24e--ainojs-events-1-0-7-package-tgz.lock
57 silly gunzTarPerm modes [ '755', '644' ]
58 silly gunzTarPerm extractEntry package.json
59 silly gunzTarPerm extractEntry .npmignore
60 silly gunzTarPerm extractEntry README.md
61 silly gunzTarPerm extractEntry index.js
62 silly gunzTarPerm extractEntry dist/events.min.js
63 silly lockFile 6d113d63--npm-ainojs-events-1-0-7-package tar:///Users/david/.npm/ainojs-events/1.0.7/package
64 silly lockFile 6d113d63--npm-ainojs-events-1-0-7-package tar:///Users/david/.npm/ainojs-events/1.0.7/package
65 silly lockFile d62cd24e--ainojs-events-1-0-7-package-tgz tar:///Users/david/.npm/ainojs-events/1.0.7/package.tgz
66 silly lockFile d62cd24e--ainojs-events-1-0-7-package-tgz tar:///Users/david/.npm/ainojs-events/1.0.7/package.tgz
67 verbose chmod /Users/david/.npm/ainojs-events/1.0.7/package.tgz 644
68 verbose chown /Users/david/.npm/ainojs-events/1.0.7/package.tgz [ 501, 20 ]
69 silly lockFile 3a52ce78- .
70 silly lockFile 3a52ce78- .
71 silly publish { name: 'ainojs-events',
71 silly publish   version: '1.0.7',
71 silly publish   description: 'Simple event interface, suitable for prototype mixin',
71 silly publish   repository: { type: 'git', url: 'https://github.com/aino/ainojs-events' },
71 silly publish   license: 'MIT',
71 silly publish   bugs: { url: 'https://github.com/aino/ainojs-events/issues' },
71 silly publish   homepage: 'https://github.com/aino/ainojs-events',
71 silly publish   main: 'index.js',
71 silly publish   scripts: { test: 'echo "Error: no test specified" && exit 1' },
71 silly publish   author: { name: 'Aino' },
71 silly publish   devDependencies: {},
71 silly publish   dependencies: {},
71 silly publish   readme: 'Events\n------\n\nSimple event interface, suitable for mixin.\n\nExample:\n\n    var GreatStuff = function() {\n      // Apply the mixin\n      Events.call(this)\n    }\n\n    GreatStuff.prototype.whatever = function() {\n      this.trigger(\'whatever\', { foo: \'bar\' })\n    }\n\n    // [...]\n\n    var stuff = new GreatStuff()\n    stuff.on(\'whatever\', function(e) {\n      console.log(e.foo) // "bar"\n    })\n    stuff.whatever()\n\nNow your class will implement a simple event interface.\n\nMethods:\n\n- on(type, callback)\n- off(type, callback)\n- trigger(type, params)\n- once(type, callback)',
71 silly publish   readmeFilename: 'README.md',
71 silly publish   _id: 'ainojs-events@1.0.7',
71 silly publish   dist: { shasum: 'a7017fef1566b0286f9c49f2dacf6c6768d0ad23' },
71 silly publish   _from: '.' }
72 verbose url raw ainojs-events
73 verbose url resolving [ 'https://registry.npmjs.org/', './ainojs-events' ]
74 verbose url resolved https://registry.npmjs.org/ainojs-events
75 info trying registry request attempt 1 at 23:09:11
76 http PUT https://registry.npmjs.org/ainojs-events
77 http 403 https://registry.npmjs.org/ainojs-events
78 error publish Failed PUT 403
79 error Error: forbidden cannot modify pre-existing version: 1.0.7
79 error old={"name":"ainojs-events","version":"1.0.7","description":"Simple event interface, suitable for prototype mixin","repository":{"type":"git","url":"https://github.com/aino/ainojs-events"},"license":"MIT","bugs":{"url":"https://github.com/aino/ainojs-events/issues"},"homepage":"https://github.com/aino/ainojs-events","main":"events.js","scripts":{"test":"echo \"Error: no test specified\" && exit 1"},"author":{"name":"Aino"},"devDependencies":{},"dependencies":{},"_id":"ainojs-events@1.0.7","dist":{"shasum":"3a446c938af794c204912bad47d2e5c63f3f5c21","tarball":"http://registry.npmjs.org/ainojs-events/-/ainojs-events-1.0.7.tgz"},"_from":".","_npmVersion":"1.4.3","_npmUser":{"name":"aino","email":"info@aino.se"},"maintainers":[{"name":"aino","email":"info@aino.com"}]}
79 error new={"name":"ainojs-events","version":"1.0.7","description":"Simple event interface, suitable for prototype mixin","repository":{"type":"git","url":"https://github.com/aino/ainojs-events"},"license":"MIT","bugs":{"url":"https://github.com/aino/ainojs-events/issues"},"homepage":"https://github.com/aino/ainojs-events","main":"index.js","scripts":{"test":"echo \"Error: no test specified\" && exit 1"},"author":{"name":"Aino"},"devDependencies":{},"dependencies":{},"readme":"Events\u000a------\u000a\u000aSimple event interface, suitable for mixin.\u000a\u000aExample:\u000a\u000a    var GreatStuff = function() {\u000a      // Apply the mixin\u000a      Events.call(this)\u000a    }\u000a\u000a    GreatStuff.prototype.whatever = function() {\u000a      this.trigger('whatever', { foo: 'bar' })\u000a    }\u000a\u000a    // [...]\u000a\u000a    var stuff = new GreatStuff()\u000a    stuff.on('whatever', function(e) {\u000a      console.log(e.foo) // \"bar\"\u000a    })\u000a    stuff.whatever()\u000a\u000aNow your class will implement a simple event interface.\u000a\u000aMethods:\u000a\u000a- on(type, callback)\u000a- off(type, callback)\u000a- trigger(type, params)\u000a- once(type, callback)","readmeFilename":"README.md","_id":"ainojs-events@1.0.7","dist":{"shasum":"a7017fef1566b0286f9c49f2dacf6c6768d0ad23","tarball":"http://registry.npmjs.org/ainojs-events/-/ainojs-events-1.0.7.tgz"},"_from":".","_npmVersion":"1.4.3","_npmUser":{"name":"aino","email":"info@aino.com"},"maintainers":[{"name":"aino","email":"info@aino.com"}]}: ainojs-events
79 error     at RegClient.<anonymous> (/usr/local/Cellar/node/0.10.12/lib/node_modules/npm/node_modules/npm-registry-client/lib/request.js:237:14)
79 error     at Request.self.callback (/usr/local/Cellar/node/0.10.12/lib/node_modules/npm/node_modules/request/request.js:123:22)
79 error     at Request.EventEmitter.emit (events.js:98:17)
79 error     at Request.<anonymous> (/usr/local/Cellar/node/0.10.12/lib/node_modules/npm/node_modules/request/request.js:893:14)
79 error     at Request.EventEmitter.emit (events.js:117:20)
79 error     at IncomingMessage.<anonymous> (/usr/local/Cellar/node/0.10.12/lib/node_modules/npm/node_modules/request/request.js:844:12)
79 error     at IncomingMessage.EventEmitter.emit (events.js:117:20)
79 error     at _stream_readable.js:920:16
79 error     at process._tickCallback (node.js:415:13)
80 error If you need help, you may report this *entire* log,
80 error including the npm and node versions, at:
80 error     <http://github.com/npm/npm/issues>
81 error System Darwin 12.4.1
82 error command "/usr/local/bin/node" "/usr/local/bin/npm" "publish"
83 error cwd /Users/david/Projects/ainojs-events
84 error node -v v0.10.26
85 error npm -v 1.4.3
86 verbose exit [ 1, true ]
